c:\users\soker\documents\github\programacionaudio\practica de audio\practica1\project\debug\vc142.pdb
c:\users\soker\documents\github\programacionaudio\practica de audio\practica1\project\debug\vc142.idb
c:\users\soker\documents\github\programacionaudio\practica de audio\practica1\project\debug\main.obj
c:\users\soker\documents\github\programacionaudio\practica de audio\practica1\project\debug\listener.obj
c:\users\soker\documents\github\programacionaudio\practica de audio\practica1\project\debug\audiosource.obj
c:\users\soker\documents\github\programacionaudio\practica de audio\practica1\project\debug\audiobuffer.obj
c:\users\guillermo.suarez\documents\github\programacionaudio\practica de audio\practica1\project\debug\vc142.pdb
c:\users\guillermo.suarez\documents\github\programacionaudio\practica de audio\practica1\project\debug\vc142.idb
c:\users\guillermo.suarez\documents\github\programacionaudio\practica de audio\practica1\project\debug\main.obj
c:\users\guillermo.suarez\documents\github\programacionaudio\practica de audio\practica1\project\debug\listener.obj
c:\users\guillermo.suarez\documents\github\programacionaudio\practica de audio\practica1\project\debug\audiosource.obj
c:\users\guillermo.suarez\documents\github\programacionaudio\practica de audio\practica1\project\debug\audiobuffer.obj
c:\users\soker\documents\github\programacionaudio\practica de audio\practica1\project\debug\programacion2d.ilk
c:\users\soker\documents\github\programacionaudio\practica de audio\practica1\project\debug\programacion2d.exe
c:\users\soker\documents\github\programacionaudio\practica de audio\practica1\project\debug\programacion2d.pdb
c:\users\guillermo.suarez\documents\github\programacionaudio\practica de audio\practica1\project\debug\programacion2d.pdb
c:\users\guillermo.suarez\documents\github\programacionaudio\practica de audio\practica1\project\debug\programacion2d.tlog\cl.command.1.tlog
c:\users\guillermo.suarez\documents\github\programacionaudio\practica de audio\practica1\project\debug\programacion2d.tlog\cl.read.1.tlog
c:\users\guillermo.suarez\documents\github\programacionaudio\practica de audio\practica1\project\debug\programacion2d.tlog\cl.write.1.tlog
c:\users\guillermo.suarez\documents\github\programacionaudio\practica de audio\practica1\project\debug\programacion2d.tlog\link.command.1.tlog
c:\users\guillermo.suarez\documents\github\programacionaudio\practica de audio\practica1\project\debug\programacion2d.tlog\link.read.1.tlog
c:\users\guillermo.suarez\documents\github\programacionaudio\practica de audio\practica1\project\debug\programacion2d.tlog\link.write.1.tlog
